3.1: 2020/12/23 10:53:25 ********************Начало записи****************************** 
3.1: 2020/12/23 10:53:25 Начало работы с:https://www.google.com/
3.1: 2020/12/23 10:53:25 Окончена работа с:https://www.google.com/
3.1: 2020/12/23 10:53:25 Начало работы с:https://yandex.ru/
3.1: 2020/12/23 10:53:26 Окончена работа с:https://yandex.ru/
3.1: 2020/12/23 10:53:26 Начало работы с:https://www.bing.com/
3.1: 2020/12/23 10:53:33 Окончена работа с:https://www.bing.com/
3.1: 2020/12/23 10:53:33 Начало работы с:https://metanit.com/go/tutorial/8.3.php
3.1: 2020/12/23 10:53:54 Окончена работа с:https://metanit.com/go/tutorial/8.3.php
3.1: 2020/12/23 10:53:54 Начало работы с:https://www.youtube.com/
3.1: 2020/12/23 10:54:01 Окончена работа с:https://www.youtube.com/
3.1: 2020/12/23 10:54:01 Начало работы с:https://ru-ru.facebook.com/
3.1: 2020/12/23 10:54:20 Окончена работа с:https://ru-ru.facebook.com/
3.1: 2020/12/23 10:54:20 ********************Конец записи****************************** 
3.1: 2020/12/23 10:56:30 ********************Начало записи****************************** 
3.1: 2020/12/23 10:56:30 Начало работы с:https://www.google.com/
3.1: 2020/12/23 10:56:40 Окончена работа с:https://www.google.com/
3.1: 2020/12/23 10:56:40 Начало работы с:https://yandex.ru/
3.1: 2020/12/23 10:56:51 Окончена работа с:https://yandex.ru/
3.1: 2020/12/23 10:56:51 Начало работы с:https://www.bing.com/
3.1: 2020/12/23 11:12:31 ********************Начало записи****************************** 
3.1: 2020/12/23 11:12:31 Начало работы с:https://www.google.com/
3.1: 2020/12/23 11:12:32 Окончена работа с:https://www.google.com/
3.1: 2020/12/23 11:12:32 Начало работы с:https://yandex.ru/
3.1: 2020/12/23 11:12:33 Окончена работа с:https://yandex.ru/
3.1: 2020/12/23 11:12:33 Начало работы с:https://www.bing.com/
3.1: 2020/12/23 11:12:35 Окончена работа с:https://www.bing.com/
3.1: 2020/12/23 11:12:35 Начало работы с:https://metanit.com/go/tutorial/8.3.php
3.1: 2020/12/23 11:12:42 Окончена работа с:https://metanit.com/go/tutorial/8.3.php
3.1: 2020/12/23 11:12:42 Начало работы с:https://www.youtube.com/
3.1: 2020/12/23 11:12:46 Окончена работа с:https://www.youtube.com/
3.1: 2020/12/23 11:12:46 Начало работы с:https://ru-ru.facebook.com/
3.1: 2020/12/23 11:12:52 Окончена работа с:https://ru-ru.facebook.com/
3.1: 2020/12/23 11:12:52 ********************Конец записи****************************** 
3.1: 2020/12/23 11:14:55 ********************Начало записи****************************** 
2020/12/23 11:14:55 readLines: open ads: The system cannot find the file specified.
3.1: 2020/12/23 11:19:20 ********************Начало записи****************************** 
3.1: 2020/12/23 11:19:20 Начало работы с:https://www.google.com/
3.1: 2020/12/23 11:19:21 Окончена работа с:https://www.google.com/
3.1: 2020/12/23 11:19:21 Начало работы с:https://yandex.ru/
3.1: 2020/12/23 11:19:22 Окончена работа с:https://yandex.ru/
3.1: 2020/12/23 11:19:22 Начало работы с:https://www.bing.com/
3.1: 2020/12/23 11:19:29 Окончена работа с:https://www.bing.com/
3.1: 2020/12/23 11:19:29 Начало работы с:https://metanit.com/go/tutorial/8.3.php
3.1: 2020/12/23 11:19:39 Окончена работа с:https://metanit.com/go/tutorial/8.3.php
3.1: 2020/12/23 11:19:39 Начало работы с:https://www.youtube.com/
3.1: 2020/12/23 11:19:47 Окончена работа с:https://www.youtube.com/
3.1: 2020/12/23 11:19:47 Начало работы с:https://ru-ru.facebook.com/
3.1: 2020/12/23 11:19:53 Окончена работа с:https://ru-ru.facebook.com/
3.1: 2020/12/23 11:19:53 ********************Конец записи****************************** 
3.1: 2020/12/23 11:20:05 ********************Начало записи****************************** 
3.1: 2020/12/23 11:20:05 Начало работы с:https://www.google.com/
3.1: 2020/12/23 11:20:07 Окончена работа с:https://www.google.com/
3.1: 2020/12/23 11:20:07 Начало работы с:https://yandex.ru/
3.1: 2020/12/23 11:20:08 Окончена работа с:https://yandex.ru/
3.1: 2020/12/23 11:20:08 Начало работы с:https://www.bing.com/
3.1: 2020/12/23 11:20:14 Окончена работа с:https://www.bing.com/
3.1: 2020/12/23 11:20:14 Начало работы с:https://metanit.com/go/tutorial/8.3.php
3.1: 2020/12/23 11:20:25 Окончена работа с:https://metanit.com/go/tutorial/8.3.php
3.1: 2020/12/23 11:20:25 Начало работы с:https://www.youtube.com/
3.1: 2020/12/23 11:20:32 Окончена работа с:https://www.youtube.com/
3.1: 2020/12/23 11:20:32 Начало работы с:https://ru-ru.facebook.com/
3.1: 2020/12/23 11:20:39 Окончена работа с:https://ru-ru.facebook.com/
3.1: 2020/12/23 11:20:39 ********************Конец записи****************************** 
3.1: 2020/12/23 11:32:07 ********************Начало записи****************************** 
3.1: 2020/12/23 11:32:07 Начало работы с:https://www.google.com/
3.1: 2020/12/23 11:32:07 Окончена работа с:https://www.google.com/
3.1: 2020/12/23 11:32:07 Начало работы с:https://yandex.ru/
3.1: 2020/12/23 11:32:08 Окончена работа с:https://yandex.ru/
3.1: 2020/12/23 11:32:08 Начало работы с:https://www.bing.com/
3.1: 2020/12/23 11:32:15 Окончена работа с:https://www.bing.com/
3.1: 2020/12/23 11:32:15 Начало работы с:https://metanit.com/go/tutorial/8.3.php
2020/12/23 11:32:25 Get "https://metanit.com/go/tutorial/8.3.php": net/http: TLS handshake timeout
3.1: 2020/12/23 11:33:51 ********************Начало записи****************************** 
3.1: 2020/12/23 11:33:51 Начало работы с:https://www.google.com/
3.1: 2020/12/23 11:33:52 Окончена работа с:https://www.google.com/
3.1: 2020/12/23 11:33:52 Начало работы с:https://yandex.ru/
3.1: 2020/12/23 11:33:52 Окончена работа с:https://yandex.ru/
3.1: 2020/12/23 11:33:52 Начало работы с:https://www.bing.com/
3.1: 2020/12/23 11:33:59 Окончена работа с:https://www.bing.com/
3.1: 2020/12/23 11:33:59 Начало работы с:https://metanit.com/go/tutorial/8.3.php
3.1: 2020/12/23 11:34:55 Окончена работа с:https://metanit.com/go/tutorial/8.3.php
3.1: 2020/12/23 11:34:55 Начало работы с:https://www.youtube.com/
3.1: 2020/12/23 11:35:02 Окончена работа с:https://www.youtube.com/
3.1: 2020/12/23 11:35:02 Начало работы с:https://ru-ru.facebook.com/
3.1: 2020/12/23 11:35:02 Окончена работа с:https://ru-ru.facebook.com/
3.1: 2020/12/23 11:35:02 ********************Конец записи****************************** 
3.1: 2020/12/23 11:37:55 ********************Начало записи****************************** 
3.1: 2020/12/23 11:37:55 Начало работы с:https://www.google.com/
3.1: 2020/12/23 11:37:56 Окончена работа с:https://www.google.com/
3.1: 2020/12/23 11:37:56 Начало работы с:https://yandex.ru/
3.1: 2020/12/23 11:37:56 Окончена работа с:https://yandex.ru/
3.1: 2020/12/23 11:37:56 Начало работы с:https://www.bing.com/
3.1: 2020/12/23 11:38:03 Окончена работа с:https://www.bing.com/
3.1: 2020/12/23 11:38:03 Начало работы с:https://metanit.com/go/tutorial/8.3.php
3.1: 2020/12/23 11:38:14 Окончена работа с:https://metanit.com/go/tutorial/8.3.php
3.1: 2020/12/23 11:38:14 Начало работы с:https://www.youtube.com/
3.1: 2020/12/23 11:38:15 Окончена работа с:https://www.youtube.com/
3.1: 2020/12/23 11:38:15 Начало работы с:https://ru-ru.facebook.com/
3.1: 2020/12/23 11:38:19 Окончена работа с:https://ru-ru.facebook.com/
3.1: 2020/12/23 11:38:19 ********************Конец записи****************************** 
3.1: 2020/12/23 11:42:31 ********************Начало записи****************************** 
3.1: 2020/12/23 11:42:31 Начало работы с:https://www.google.com/
3.1: 2020/12/23 11:42:31 Окончена работа с:https://www.google.com/
3.1: 2020/12/23 11:42:31 Начало работы с:https://yandex.ru/
3.1: 2020/12/23 11:42:32 Окончена работа с:https://yandex.ru/
3.1: 2020/12/23 11:42:32 Начало работы с:https://www.bing.com/
3.1: 2020/12/23 11:42:39 Окончена работа с:https://www.bing.com/
3.1: 2020/12/23 11:42:39 Начало работы с:https://metanit.com/go/tutorial/8.3.php
3.1: 2020/12/23 11:42:54 Окончена работа с:https://metanit.com/go/tutorial/8.3.php
3.1: 2020/12/23 11:42:54 Начало работы с:https://www.youtube.com/
3.1: 2020/12/23 11:43:07 Окончена работа с:https://www.youtube.com/
3.1: 2020/12/23 11:43:07 Начало работы с:https://ru-ru.facebook.com/
3.1: 2020/12/23 11:43:14 Окончена работа с:https://ru-ru.facebook.com/
3.1: 2020/12/23 11:43:14 ********************Конец записи****************************** 
3.1: 2020/12/23 11:47:46 ********************Начало записи****************************** 
3.1: 2020/12/23 11:47:46 Начало работы с:https://www.google.com/
3.1: 2020/12/23 11:47:47 Окончена работа с:https://www.google.com/
3.1: 2020/12/23 11:47:47 Начало работы с:https://yandex.ru/
3.1: 2020/12/23 11:47:47 Окончена работа с:https://yandex.ru/
3.1: 2020/12/23 11:47:47 Начало работы с:https://www.bing.com/
3.1: 2020/12/23 11:47:54 Окончена работа с:https://www.bing.com/
3.1: 2020/12/23 11:47:54 Начало работы с:https://metanit.com/go/tutorial/8.3.php
3.1: 2020/12/23 11:48:03 Окончена работа с:https://metanit.com/go/tutorial/8.3.php
3.1: 2020/12/23 11:48:03 Начало работы с:https://www.youtube.com/
3.1: 2020/12/23 11:48:17 Окончена работа с:https://www.youtube.com/
3.1: 2020/12/23 11:48:17 Начало работы с:https://ru-ru.facebook.com/
3.1: 2020/12/23 11:48:23 Окончена работа с:https://ru-ru.facebook.com/
3.1: 2020/12/23 11:48:23 ********************Конец записи****************************** 
3.1: 2020/12/23 11:53:37 ********************Начало записи****************************** 
3.1: 2020/12/23 11:53:37 Начало работы с:https://www.google.com/
3.1: 2020/12/23 11:53:46 Окончена работа с:https://www.google.com/
3.1: 2020/12/23 11:53:46 Начало работы с:https://yandex.ru/
3.1: 2020/12/23 11:54:09 Окончена работа с:https://yandex.ru/
3.1: 2020/12/23 11:54:09 Начало работы с:https://www.bing.com/
3.1: 2020/12/23 11:54:09 Окончена работа с:https://www.bing.com/
3.1: 2020/12/23 11:54:09 Начало работы с:https://metanit.com/go/tutorial/8.3.php
3.1: 2020/12/23 11:54:31 Окончена работа с:https://metanit.com/go/tutorial/8.3.php
3.1: 2020/12/23 11:54:31 Начало работы с:https://www.youtube.com/
3.1: 2020/12/23 11:54:39 Окончена работа с:https://www.youtube.com/
3.1: 2020/12/23 11:54:39 Начало работы с:https://ru-ru.facebook.com/
3.1: 2020/12/23 11:54:52 Окончена работа с:https://ru-ru.facebook.com/
3.1: 2020/12/23 11:54:52 ********************Конец записи****************************** 
